CREATE /file1.txt
PATH_TO_INODE_MAP:
/file1.txt: 0
INODE_BITMAP: [1, 0, 0, 0]
DATA_BLOCK_BITMAP: [0, 0, 0, 0, 0]
inode0: 
inode1: 
inode2: 
inode3: 
CREATE /file2.txt
PATH_TO_INODE_MAP:
/file1.txt: 0
/file2.txt: 1
INODE_BITMAP: [1, 1, 0, 0]
DATA_BLOCK_BITMAP: [0, 0, 0, 0, 0]
inode0: 
inode1: 
inode2: 
inode3: 
CREATE /file3.txt
PATH_TO_INODE_MAP:
/file1.txt: 0
/file2.txt: 1
/file3.txt: 2
INODE_BITMAP: [1, 1, 1, 0]
DATA_BLOCK_BITMAP: [0, 0, 0, 0, 0]
inode0: 
inode1: 
inode2: 
inode3: 
CREATE /file4.txt
PATH_TO_INODE_MAP:
/file1.txt: 0
/file2.txt: 1
/file3.txt: 2
/file4.txt: 3
INODE_BITMAP: [1, 1, 1, 1]
DATA_BLOCK_BITMAP: [0, 0, 0, 0, 0]
inode0: 
inode1: 
inode2: 
inode3: 
DELETE /file1.txt
PATH_TO_INODE_MAP:
/file2.txt: 1
/file3.txt: 2
/file4.txt: 3
INODE_BITMAP: [0, 1, 1, 1]
DATA_BLOCK_BITMAP: [0, 0, 0, 0, 0]
inode0: 
inode1: 
inode2: 
inode3: 
DELETE /file3.txt
PATH_TO_INODE_MAP:
/file2.txt: 1
/file4.txt: 3
INODE_BITMAP: [0, 1, 0, 1]
DATA_BLOCK_BITMAP: [0, 0, 0, 0, 0]
inode0: 
inode1: 
inode2: 
inode3: 
CREATE /file5.txt
PATH_TO_INODE_MAP:
/file2.txt: 1
/file4.txt: 3
/file5.txt: 0
INODE_BITMAP: [1, 1, 0, 1]
DATA_BLOCK_BITMAP: [0, 0, 0, 0, 0]
inode0: 
inode1: 
inode2: 
inode3: 
CREATE /file6.txt
PATH_TO_INODE_MAP:
/file2.txt: 1
/file4.txt: 3
/file5.txt: 0
/file6.txt: 2
INODE_BITMAP: [1, 1, 1, 1]
DATA_BLOCK_BITMAP: [0, 0, 0, 0, 0]
inode0: 
inode1: 
inode2: 
inode3: 
WRITE /file5.txt
PATH_TO_INODE_MAP:
/file2.txt: 1
/file4.txt: 3
/file5.txt: 0
/file6.txt: 2
INODE_BITMAP: [1, 1, 1, 1]
DATA_BLOCK_BITMAP: [1, 0, 0, 0, 0]
inode0: file5
inode1: 
inode2: 
inode3: 
WRITE /file2.txt
PATH_TO_INODE_MAP:
/file2.txt: 1
/file4.txt: 3
/file5.txt: 0
/file6.txt: 2
INODE_BITMAP: [1, 1, 1, 1]
DATA_BLOCK_BITMAP: [1, 1, 0, 0, 0]
inode0: file5
inode1: file2
inode2: 
inode3: 
READ /file2.txt
DATA BLOCK 1: file2
PATH_TO_INODE_MAP:
/file2.txt: 1
/file4.txt: 3
/file5.txt: 0
/file6.txt: 2
INODE_BITMAP: [1, 1, 1, 1]
DATA_BLOCK_BITMAP: [1, 1, 0, 0, 0]
inode0: file5
inode1: file2
inode2: 
inode3: 
WRITE /file6.txt
PATH_TO_INODE_MAP:
/file2.txt: 1
/file4.txt: 3
/file5.txt: 0
/file6.txt: 2
INODE_BITMAP: [1, 1, 1, 1]
DATA_BLOCK_BITMAP: [1, 1, 1, 0, 0]
inode0: file5
inode1: file2
inode2: file6
inode3: 
WRITE /file4.txt
PATH_TO_INODE_MAP:
/file2.txt: 1
/file4.txt: 3
/file5.txt: 0
/file6.txt: 2
INODE_BITMAP: [1, 1, 1, 1]
DATA_BLOCK_BITMAP: [1, 1, 1, 1, 0]
inode0: file5
inode1: file2
inode2: file6
inode3: file4
READ /file4.txt
DATA BLOCK 3: file4
PATH_TO_INODE_MAP:
/file2.txt: 1
/file4.txt: 3
/file5.txt: 0
/file6.txt: 2
INODE_BITMAP: [1, 1, 1, 1]
DATA_BLOCK_BITMAP: [1, 1, 1, 1, 0]
inode0: file5
inode1: file2
inode2: file6
inode3: file4
DELETE /file5.txt
PATH_TO_INODE_MAP:
/file2.txt: 1
/file4.txt: 3
/file6.txt: 2
INODE_BITMAP: [0, 1, 1, 1]
DATA_BLOCK_BITMAP: [0, 1, 1, 1, 0]
inode0: 
inode1: file2
inode2: file6
inode3: file4
WRITE /file4.txt
PATH_TO_INODE_MAP:
/file2.txt: 1
/file4.txt: 3
/file6.txt: 2
INODE_BITMAP: [0, 1, 1, 1]
DATA_BLOCK_BITMAP: [1, 1, 1, 1, 1]
inode0: 
inode1: file2
inode2: file6
inode3: file4\nfile5gone
READ /file4.txt
DATA BLOCK 3: file4
DATA BLOCK 0: \nfile
DATA BLOCK 4: 5gone
PATH_TO_INODE_MAP:
/file2.txt: 1
/file4.txt: 3
/file6.txt: 2
INODE_BITMAP: [0, 1, 1, 1]
DATA_BLOCK_BITMAP: [1, 1, 1, 1, 1]
inode0: 
inode1: file2
inode2: file6
inode3: file4\nfile5gone
