CREATE /file1.txt
PATH_TO_INODE_MAP:
/file1.txt: 0
INODE_BITMAP: [1]
DATA_BLOCK_BITMAP: [0]
inode0: 
CREATE /file2.txt
ERROR: INODES FULL
PATH_TO_INODE_MAP:
/file1.txt: 0
INODE_BITMAP: [1]
DATA_BLOCK_BITMAP: [0]
inode0: 
CREATE /file3.txt
ERROR: INODES FULL
PATH_TO_INODE_MAP:
/file1.txt: 0
INODE_BITMAP: [1]
DATA_BLOCK_BITMAP: [0]
inode0: 
CREATE /file4.txt
ERROR: INODES FULL
PATH_TO_INODE_MAP:
/file1.txt: 0
INODE_BITMAP: [1]
DATA_BLOCK_BITMAP: [0]
inode0: 
CREATE /file5.txt
ERROR: INODES FULL
PATH_TO_INODE_MAP:
/file1.txt: 0
INODE_BITMAP: [1]
DATA_BLOCK_BITMAP: [0]
inode0: 
CREATE /file6.txt
ERROR: INODES FULL
PATH_TO_INODE_MAP:
/file1.txt: 0
INODE_BITMAP: [1]
DATA_BLOCK_BITMAP: [0]
inode0: 
WRITE /file1.txt
ERROR: NOT ENOUGH DATA BLOCKS
PATH_TO_INODE_MAP:
/file1.txt: 0
INODE_BITMAP: [1]
DATA_BLOCK_BITMAP: [0]
inode0: 
WRITE /file1.txt
ERROR: NOT ENOUGH DATA BLOCKS
PATH_TO_INODE_MAP:
/file1.txt: 0
INODE_BITMAP: [1]
DATA_BLOCK_BITMAP: [0]
inode0: 
WRITE /file1.txt
ERROR: NOT ENOUGH DATA BLOCKS
PATH_TO_INODE_MAP:
/file1.txt: 0
INODE_BITMAP: [1]
DATA_BLOCK_BITMAP: [0]
inode0: 
WRITE /file1.txt
PATH_TO_INODE_MAP:
/file1.txt: 0
INODE_BITMAP: [1]
DATA_BLOCK_BITMAP: [1]
inode0: a
READ /file1.txt
DATA BLOCK 0: a
PATH_TO_INODE_MAP:
/file1.txt: 0
INODE_BITMAP: [1]
DATA_BLOCK_BITMAP: [1]
inode0: a
