CREATE /file1.txt
PATH_TO_INODE_MAP:
/file1.txt: 0
INODE_BITMAP: [1, 0, 0]
DATA_BLOCK_BITMAP: [0, 0, 0, 0, 0]
inode0: 
inode1: 
inode2: 
WRITE /file1.txt
ERROR: NOT ENOUGH DATA BLOCKS
PATH_TO_INODE_MAP:
/file1.txt: 0
INODE_BITMAP: [1, 0, 0]
DATA_BLOCK_BITMAP: [0, 0, 0, 0, 0]
inode0: 
inode1: 
inode2: 
WRITE /file1.txt
PATH_TO_INODE_MAP:
/file1.txt: 0
INODE_BITMAP: [1, 0, 0]
DATA_BLOCK_BITMAP: [1, 1, 1, 0, 0]
inode0: Add New Info
inode1: 
inode2: 
READ /file1.txt
DATA BLOCK 0: Add 
DATA BLOCK 1: New 
DATA BLOCK 2: Info
PATH_TO_INODE_MAP:
/file1.txt: 0
INODE_BITMAP: [1, 0, 0]
DATA_BLOCK_BITMAP: [1, 1, 1, 0, 0]
inode0: Add New Info
inode1: 
inode2: 
CREATE /file2.txt
PATH_TO_INODE_MAP:
/file1.txt: 0
/file2.txt: 1
INODE_BITMAP: [1, 1, 0]
DATA_BLOCK_BITMAP: [1, 1, 1, 0, 0]
inode0: Add New Info
inode1: 
inode2: 
WRITE /file2.txt
ERROR: NOT ENOUGH DATA BLOCKS
PATH_TO_INODE_MAP:
/file1.txt: 0
/file2.txt: 1
INODE_BITMAP: [1, 1, 0]
DATA_BLOCK_BITMAP: [1, 1, 1, 0, 0]
inode0: Add New Info
inode1: 
inode2: 
